[debug] [2024-01-17T05:23:04.193Z] ----------------------------------------------------------------------
[debug] [2024-01-17T05:23:04.197Z] Command:       C:\Program Files\nodejs\node.exe C:\Users\DELL\AppData\Roaming\npm\node_modules\firebase-tools\lib\bin\firebase.js init
[debug] [2024-01-17T05:23:04.198Z] CLI Version:   13.0.2
[debug] [2024-01-17T05:23:04.198Z] Platform:      win32
[debug] [2024-01-17T05:23:04.198Z] Node Version:  v21.3.0
[debug] [2024-01-17T05:23:04.199Z] Time:          Tue Jan 16 2024 21:23:04 GMT-0800 (Pacific Standard Time)
[debug] [2024-01-17T05:23:04.199Z] ----------------------------------------------------------------------
[debug] 
[debug] [2024-01-17T05:23:04.203Z] >>> [apiv2][query] GET https://firebase-public.firebaseio.com/cli.json [none]
[debug] [2024-01-17T05:23:04.284Z] > command requires scopes: ["email","openid","https://www.googleapis.com/auth/cloudplatformprojects.readonly","https://www.googleapis.com/auth/firebase","https://www.googleapis.com/auth/cloud-platform"]
[debug] [2024-01-17T05:23:04.284Z] > authorizing via signed-in user (aizazahmed476@gmail.com)
[info] 
     ######## #### ########  ######## ########     ###     ######  ########
     ##        ##  ##     ## ##       ##     ##  ##   ##  ##       ##
     ######    ##  ########  ######   ########  #########  ######  ######
     ##        ##  ##    ##  ##       ##     ## ##     ##       ## ##
     ##       #### ##     ## ######## ########  ##     ##  ######  ########

You're about to initialize a Firebase project in this directory:

  C:\Users\DELL\Desktop\Meta Course\Projects\expensetrack

[debug] [2024-01-17T05:23:04.567Z] <<< [apiv2][status] GET https://firebase-public.firebaseio.com/cli.json 200
[debug] [2024-01-17T05:23:04.569Z] <<< [apiv2][body] GET https://firebase-public.firebaseio.com/cli.json {"cloudBuildErrorAfter":1594252800000,"cloudBuildWarnAfter":1590019200000,"defaultNode10After":1594252800000,"minVersion":"3.0.5","node8DeploysDisabledAfter":1613390400000,"node8RuntimeDisabledAfter":1615809600000,"node8WarnAfter":1600128000000}
[info] 
=== Project Setup
[info] 
[info] First, let's associate this project directory with a Firebase project.
[info] You can create multiple project aliases by running firebase use --add, 
[info] but for now we'll just set up a default project.
[info] 
[debug] [2024-01-17T05:24:02.804Z] > refreshing access token with scopes: []
[debug] [2024-01-17T05:24:02.806Z] >>> [apiv2][query] POST https://www.googleapis.com/oauth2/v3/token [none]
[debug] [2024-01-17T05:24:02.806Z] >>> [apiv2][body] POST https://www.googleapis.com/oauth2/v3/token [omitted]
[debug] [2024-01-17T05:24:03.021Z] <<< [apiv2][status] POST https://www.googleapis.com/oauth2/v3/token 200
[debug] [2024-01-17T05:24:03.022Z] <<< [apiv2][body] POST https://www.googleapis.com/oauth2/v3/token [omitted]
[debug] [2024-01-17T05:24:03.054Z] >>> [apiv2][query] GET https://firebase.googleapis.com/v1beta1/projects pageSize=100
[debug] [2024-01-17T05:24:03.559Z] <<< [apiv2][status] GET https://firebase.googleapis.com/v1beta1/projects 200
[debug] [2024-01-17T05:24:03.560Z] <<< [apiv2][body] GET https://firebase.googleapis.com/v1beta1/projects [omitted]
[info] i  Using project expense-tracker-17c59 (expense-tracker) 
[info] 
=== Hosting Setup
[debug] [2024-01-17T05:26:06.521Z] >>> [apiv2][query] GET https://firebase.googleapis.com/v1beta1/projects/expense-tracker-17c59 [none]
[debug] [2024-01-17T05:26:07.048Z] <<< [apiv2][status] GET https://firebase.googleapis.com/v1beta1/projects/expense-tracker-17c59 200
[debug] [2024-01-17T05:26:07.050Z] <<< [apiv2][body] GET https://firebase.googleapis.com/v1beta1/projects/expense-tracker-17c59 {"projectId":"expense-tracker-17c59","projectNumber":"664875218444","displayName":"expense-tracker","name":"projects/expense-tracker-17c59","resources":{"hostingSite":"expense-tracker-17c59"},"state":"ACTIVE","etag":"1_247be974-5d23-4f4b-a951-daf3e11b88d5"}
[info] 
[info] Your public directory is the folder (relative to your project directory) that
[info] will contain Hosting assets to be uploaded with firebase deploy. If you
[info] have a build process for your assets, use your build's output directory.
[info] 
[info] +  Wrote public/404.html 
[debug] [2024-01-17T05:26:50.671Z] >>> [apiv2][query] GET https://www.gstatic.com/firebasejs/releases.json [none]
[debug] [2024-01-17T05:26:50.727Z] <<< [apiv2][status] GET https://www.gstatic.com/firebasejs/releases.json 200
[debug] [2024-01-17T05:26:50.727Z] <<< [apiv2][body] GET https://www.gstatic.com/firebasejs/releases.json {"current":{"version":"10.7.1","browserURL":"https://www.gstatic.com/firebasejs/10.7.1/firebase.js","packageURL":"https://www.gstatic.com/firebasejs/10.7.1/firebase.tgz"},"live":{"version":"10.7","browserURL":"https://www.gstatic.com/firebasejs/live/10.7/firebase.js","packageURL":"https://www.gstatic.com/firebasejs/live/10.7/firebase.tgz"},"components":{"analytics":"https://www.gstatic.com/firebasejs/10.7.1/firebase-analytics.js","app":"https://www.gstatic.com/firebasejs/10.7.1/firebase-app.js","app-check":"https://www.gstatic.com/firebasejs/10.7.1/firebase-app-check.js","auth":"https://www.gstatic.com/firebasejs/10.7.1/firebase-auth.js","auth/cordova":"https://www.gstatic.com/firebasejs/10.7.1/firebase-auth/cordova.js","functions":"https://www.gstatic.com/firebasejs/10.7.1/firebase-functions.js","firestore":"https://www.gstatic.com/firebasejs/10.7.1/firebase-firestore.js","firestore/lite":"https://www.gstatic.com/firebasejs/10.7.1/firebase-firestore/lite.js","installations":"https://www.gstatic.com/firebasejs/10.7.1/firebase-installations.js","storage":"https://www.gstatic.com/firebasejs/10.7.1/firebase-storage.js","performance":"https://www.gstatic.com/firebasejs/10.7.1/firebase-performance.js","remote-config":"https://www.gstatic.com/firebasejs/10.7.1/firebase-remote-config.js","messaging":"https://www.gstatic.com/firebasejs/10.7.1/firebase-messaging.js","messaging/sw":"https://www.gstatic.com/firebasejs/10.7.1/firebase-messaging/sw.js","database":"https://www.gstatic.com/firebasejs/10.7.1/firebase-database.js","firestore.memory":"https://www.gstatic.com/firebasejs/10.7.1/firebase-firestore.memory.js"}}
[info] i  Skipping write of public/index.html 
[info] 
[info] i  Detected a .git folder at C:\Users\DELL\Desktop\Meta Course\Projects\expensetrack 
[info] i  Authorizing with GitHub to upload your service account to a GitHub repository's secrets store. 
[info] 
[info] Visit this URL on this device to log in:
[info] https://github.com/login/oauth/authorize?client_id=89cf50f02ac6aaed3484&state=262325797&redirect_uri=http%3A%2F%2Flocalhost%3A9005&scope=read%3Auser%20repo%20public_repo
[info] 
[info] Waiting for authentication...
[debug] [2024-01-17T05:29:20.421Z] >>> [apiv2][query] POST https://github.com/login/oauth/access_token [none]
[debug] [2024-01-17T05:29:20.422Z] >>> [apiv2][body] POST https://github.com/login/oauth/access_token [stream]
[debug] [2024-01-17T05:29:20.740Z] <<< [apiv2][status] POST https://github.com/login/oauth/access_token 200
[debug] [2024-01-17T05:29:20.741Z] <<< [apiv2][body] POST https://github.com/login/oauth/access_token {"access_token":"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","token_type":"bearer","scope":"read:user,repo"}
[debug] [2024-01-17T05:29:20.783Z] >>> [apiv2][query] GET https://api.github.com/user [none]
[debug] [2024-01-17T05:29:21.134Z] <<< [apiv2][status] GET https://api.github.com/user 200
[debug] [2024-01-17T05:29:21.135Z] <<< [apiv2][body] GET https://api.github.com/user {"login":"aizaz99","id":38265360,"node_id":"MDQ6VXNlcjM4MjY1MzYw","avatar_url":"https://avatars.githubusercontent.com/u/38265360?v=4","gravatar_id":"","url":"https://api.github.com/users/aizaz99","html_url":"https://github.com/aizaz99","followers_url":"https://api.github.com/users/aizaz99/followers","following_url":"https://api.github.com/users/aizaz99/following{/other_user}","gists_url":"https://api.github.com/users/aizaz99/gists{/gist_id}","starred_url":"https://api.github.com/users/aizaz99/starred{/owner}{/repo}","subscriptions_url":"https://api.github.com/users/aizaz99/subscriptions","organizations_url":"https://api.github.com/users/aizaz99/orgs","repos_url":"https://api.github.com/users/aizaz99/repos","events_url":"https://api.github.com/users/aizaz99/events{/privacy}","received_events_url":"https://api.github.com/users/aizaz99/received_events","type":"User","site_admin":false,"name":"Aizaz Ahmad","company":null,"blog":"","location":null,"email":null,"hireable":null,"bio":"Full Stack Web Developer \r\nCalifornia State University Fresno 2021\r\nUndergrad Computer Science","twitter_username":null,"public_repos":20,"public_gists":0,"followers":3,"following":1,"created_at":"2018-04-10T21:55:39Z","updated_at":"2024-01-17T05:29:15Z","private_gists":0,"total_private_repos":0,"owned_private_repos":0,"disk_usage":74733,"collaborators":0,"two_factor_authentication":false,"plan":{"name":"free","space":976562499,"collaborators":0,"private_repos":10000}}
[info] 
[info] +  Success! Logged into GitHub as aizaz99 
[info] 
